0 info it worked if it ends with ok
1 verbose cli [ '/usr/bin/node', '/usr/bin/npm', 'run', 'start:build' ]
2 info using npm@3.5.2
3 info using node@v8.10.0
4 verbose run-script [ 'prestart:build', 'start:build', 'poststart:build' ]
5 info lifecycle warp_space@1.0.0~prestart:build: warp_space@1.0.0
6 silly lifecycle warp_space@1.0.0~prestart:build: no script for prestart:build, continuing
7 info lifecycle warp_space@1.0.0~start:build: warp_space@1.0.0
8 verbose lifecycle warp_space@1.0.0~start:build: unsafe-perm in lifecycle true
9 verbose lifecycle warp_space@1.0.0~start:build: PATH: /usr/share/npm/bin/node-gyp-bin:/home/rajan/Documents/Projects/warp_space/warp-space/node_modules/.bin:/home/rajan/Documents/Projects/humdrum-tools/humextra/bin:/home/rajan/Documents/Projects/humdrum-tools/humdrum/bin:/home/rajan/.local/bin:/usr/local/sbin:/usr/local/bin:/usr/sbin:/usr/bin:/sbin:/bin:/usr/games:/usr/local/games:/snap/bin
10 verbose lifecycle warp_space@1.0.0~start:build: CWD: /home/rajan/Documents/Projects/warp_space/warp-space
11 silly lifecycle warp_space@1.0.0~start:build: Args: [ '-c',
11 silly lifecycle   'webpack --entry ./src/index.tsx --output-filename ./dist/bundle.js' ]
12 silly lifecycle warp_space@1.0.0~start:build: Returned: code: 1  signal: null
13 info lifecycle warp_space@1.0.0~start:build: Failed to exec start:build script
14 verbose stack Error: warp_space@1.0.0 start:build: `webpack --entry ./src/index.tsx --output-filename ./dist/bundle.js`
14 verbose stack Exit status 1
14 verbose stack     at EventEmitter.<anonymous> (/usr/share/npm/lib/utils/lifecycle.js:232:16)
14 verbose stack     at emitTwo (events.js:126:13)
14 verbose stack     at EventEmitter.emit (events.js:214:7)
14 verbose stack     at ChildProcess.<anonymous> (/usr/share/npm/lib/utils/spawn.js:24:14)
14 verbose stack     at emitTwo (events.js:126:13)
14 verbose stack     at ChildProcess.emit (events.js:214:7)
14 verbose stack     at maybeClose (internal/child_process.js:925:16)
14 verbose stack     at Process.ChildProcess._handle.onexit (internal/child_process.js:209:5)
15 verbose pkgid warp_space@1.0.0
16 verbose cwd /home/rajan/Documents/Projects/warp_space/warp-space
17 error Linux 4.15.0-47-generic
18 error argv "/usr/bin/node" "/usr/bin/npm" "run" "start:build"
19 error node v8.10.0
20 error npm  v3.5.2
21 error code ELIFECYCLE
22 error warp_space@1.0.0 start:build: `webpack --entry ./src/index.tsx --output-filename ./dist/bundle.js`
22 error Exit status 1
23 error Failed at the warp_space@1.0.0 start:build script 'webpack --entry ./src/index.tsx --output-filename ./dist/bundle.js'.
23 error Make sure you have the latest version of node.js and npm installed.
23 error If you do, this is most likely a problem with the warp_space package,
23 error not with npm itself.
23 error Tell the author that this fails on your system:
23 error     webpack --entry ./src/index.tsx --output-filename ./dist/bundle.js
23 error You can get information on how to open an issue for this project with:
23 error     npm bugs warp_space
23 error Or if that isn't available, you can get their info via:
23 error     npm owner ls warp_space
23 error There is likely additional logging output above.
24 verbose exit [ 1, true ]
